#
# A fatal error has been detected by the Java Runtime Environment:
#
#  Internal Error (javaCalls.cpp:51), pid=28336, tid=0x0000000000007728
#  guarantee(thread->is_Java_thread()) failed: crucial check - the VM thread cannot and must not escape to Java code
#
# JRE version: Java(TM) SE Runtime Environment (8.0_231-b11) (build 1.8.0_231-b11)
# Java VM: Java HotSpot(TM) 64-Bit Server VM (25.231-b11 mixed mode windows-amd64 compressed oops)
# Failed to write core dump. Minidumps are not enabled by default on client versions of Windows
#
# If you would like to submit a bug report, please visit:
#   http://bugreport.java.com/bugreport/crash.jsp
#

---------------  T H R E A D  ---------------

Current thread (0x0000000005dcb800):  VMThread [stack: 0x000000001f680000,0x000000001f780000] [id=30504]

Stack: [0x000000001f680000,0x000000001f780000]
[error occurred during error reporting (printing stack bounds), id 0xc0000005]

Native frames: (J=compiled Java code, j=interpreted, Vv=VM code, C=native code)

VM_Operation (0x000000002015f4d0): GetOrSetLocal, mode: safepoint, requested by thread 0x0000000006eca000


---------------  P R O C E S S  ---------------

Java Threads: ( => current thread )
  0x0000000006f77800 JavaThread "Service Thread" daemon [_thread_blocked, id=25968, stack(0x0000000020cd0000,0x0000000020dd0000)]
  0x0000000006eeb000 JavaThread "C1 CompilerThread3" daemon [_thread_blocked, id=26884, stack(0x0000000020b40000,0x0000000020c40000)]
  0x0000000006edf800 JavaThread "C2 CompilerThread2" daemon [_thread_blocked, id=28988, stack(0x0000000020a30000,0x0000000020b30000)]
  0x0000000006edf000 JavaThread "C2 CompilerThread1" daemon [_thread_blocked, id=24292, stack(0x0000000020810000,0x0000000020910000)]
  0x0000000006ee8800 JavaThread "C2 CompilerThread0" daemon [_thread_blocked, id=27088, stack(0x00000000205d0000,0x00000000206d0000)]
  0x0000000006eda800 JavaThread "JDWP Command Reader" daemon [_thread_in_native, id=27024, stack(0x0000000020420000,0x0000000020520000)]
  0x0000000006ecd800 JavaThread "JDWP Event Helper Thread" daemon [_thread_blocked, id=28280, stack(0x0000000020250000,0x0000000020350000)]
  0x0000000006eca000 JavaThread "JDWP Transport Listener: dt_socket" daemon [_thread_blocked, id=29928, stack(0x0000000020060000,0x0000000020160000)]
  0x0000000006eb7800 JavaThread "Attach Listener" daemon [_thread_blocked, id=27928, stack(0x000000001fe00000,0x000000001ff00000)]
  0x0000000006eb6800 JavaThread "Signal Dispatcher" daemon [_thread_blocked, id=29040, stack(0x000000001fcb0000,0x000000001fdb0000)]
  0x0000000005ddc800 JavaThread "Finalizer" daemon [_thread_blocked, id=29580, stack(0x000000001fb20000,0x000000001fc20000)]
  0x0000000005dd4800 JavaThread "Reference Handler" daemon [_thread_blocked, id=22380, stack(0x000000001f950000,0x000000001fa50000)]
  0x0000000002821800 JavaThread "main" [_thread_blocked, id=30060, stack(0x0000000002f10000,0x0000000003010000)]

Other Threads:
=>0x0000000005dcb800 VMThread [stack: 0x000000001f680000,0x000000001f780000] [id=30504]
  0x0000000007002800 WatcherThread [stack: 0x0000000020e70000,0x0000000020f70000] [id=30544]

VM state:at safepoint (normal execution)

VM Mutex/Monitor currently owned by a thread:  ([mutex/lock_event])
[0x000000000281f910] Threads_lock - owner thread: 0x0000000005dcb800

heap address: 0x00000006c1000000, size: 4080 MB, Compressed Oops mode: Zero based, Oop shift amount: 3
Narrow klass base: 0x0000000000000000, Narrow klass shift: 3
Compressed class space size: 1073741824 Address: 0x00000007c0000000

Heap:
 PSYoungGen      total 76288K, used 14448K [0x000000076b000000, 0x0000000770500000, 0x00000007c0000000)
  eden space 65536K, 22% used [0x000000076b000000,0x000000076be1c238,0x000000076f000000)
  from space 10752K, 0% used [0x000000076fa80000,0x000000076fa80000,0x0000000770500000)
  to   space 10752K, 0% used [0x000000076f000000,0x000000076f000000,0x000000076fa80000)
 ParOldGen       total 175104K, used 0K [0x00000006c1000000, 0x00000006cbb00000, 0x000000076b000000)
  object space 175104K, 0% used [0x00000006c1000000,0x00000006c1000000,0x00000006cbb00000)
 Metaspace       used 5570K, capacity 6872K, committed 7040K, reserved 1056768K
  class space    used 769K, capacity 840K, committed 896K, reserved 1048576K

Card table byte_map: [0x00000000033d0000,0x0000000003bd0000] byte_map_base: 0xffffffffffdc8000

Marking Bits: (ParMarkBitMap*) 0x0000000008426d90
 Begin Bits: [0x00000000174b0000, 0x000000001b470000)
 End Bits:   [0x000000001b470000, 0x000000001f430000)

Polling page: 0x0000000000270000

CodeCache: size=245760Kb used=2000Kb max_used=2000Kb free=243759Kb
 bounds [0x00000000084b0000, 0x0000000008720000, 0x00000000174b0000]
 total_blobs=563 nmethods=314 adapters=170
 compilation: enabled

Compilation events (10 events):
Event: 4.976 Thread 0x0000000006eeb000  311       3       java.lang.ClassLoader::preDefineClass (109 bytes)
Event: 4.977 Thread 0x0000000006eeb000 nmethod 311 0x000000000869e210 code [0x000000000869e4e0, 0x000000000869fa88]
Event: 4.977 Thread 0x0000000006eeb000  312   !   3       java.lang.ClassLoader::checkCerts (195 bytes)
Event: 4.978 Thread 0x0000000006eeb000 nmethod 312 0x00000000086a0490 code [0x00000000086a0760, 0x00000000086a1eb8]
Event: 4.978 Thread 0x0000000006eeb000  309       3       java.lang.Thread::interrupted (8 bytes)
Event: 4.978 Thread 0x0000000006eeb000 nmethod 309 0x00000000086a29d0 code [0x00000000086a2b40, 0x00000000086a2cc8]
Event: 4.978 Thread 0x0000000006eeb000  314   !   3       java.util.zip.ZipFile$ZipFileInflaterInputStream::close (67 bytes)
Event: 4.978 Thread 0x0000000006eeb000 nmethod 314 0x00000000086a2d90 code [0x00000000086a2f60, 0x00000000086a37b8]
Event: 4.978 Thread 0x0000000006eeb000  315  s    3       java.util.jar.JarFile::getInputStream (89 bytes)
Event: 4.978 Thread 0x0000000006eeb000 nmethod 315 0x00000000086a3b90 code [0x00000000086a3da0, 0x00000000086a4958]

GC Heap History (0 events):
No events

Deoptimization events (6 events):
Event: 1.033 Thread 0x0000000002821800 Uncommon trap: reason=unstable_if action=reinterpret pc=0x00000000085b3b20 method=java.lang.String.hashCode()I @ 14
Event: 1.277 Thread 0x0000000002821800 Uncommon trap: reason=unstable_if action=reinterpret pc=0x0000000008688890 method=sun.net.www.ParseUtil.encodePath(Ljava/lang/String;Z)Ljava/lang/String; @ 109
Event: 4.946 Thread 0x0000000002821800 Uncommon trap: reason=unstable_if action=reinterpret pc=0x0000000008631814 method=sun.misc.URLClassPath.getLoader(I)Lsun/misc/URLClassPath$Loader; @ 36
Event: 4.947 Thread 0x0000000002821800 Uncommon trap: reason=unstable_if action=reinterpret pc=0x000000000863f05c method=sun.misc.MetaIndex.mayContain(Ljava/lang/String;)Z @ 13
Event: 4.947 Thread 0x0000000002821800 Uncommon trap: reason=unstable_if action=reinterpret pc=0x0000000008634478 method=sun.misc.MetaIndex.mayContain(Ljava/lang/String;)Z @ 13
Event: 4.949 Thread 0x0000000002821800 Uncommon trap: reason=unstable_if action=reinterpret pc=0x000000000860fbf8 method=java.lang.String.indexOf([CII[CIII)I @ 134

Classes redefined (10 events):
Event: 4658.024 Thread 0x0000000005dcb800 redefined class name=com.gree.nlp_match.Str_Macth$, count=4
Event: 4658.024 Thread 0x0000000005dcb800 redefined class name=com.gree.nlp_match.Str_Macth$$anonfun$main$2, count=2
Event: 4658.025 Thread 0x0000000005dcb800 redefined class name=com.gree.nlp_match.Str_Macth, count=4
Event: 4658.026 Thread 0x0000000005dcb800 redefined class name=com.gree.nlp_match.Str_Macth$$anonfun$main$1, count=2
Event: 4658.027 Thread 0x0000000005dcb800 redefined class name=com.gree.nlp_match.Str_Macth$$anonfun$main$1$$anonfun$apply$mcVI$sp$1, count=2
Event: 4696.919 Thread 0x0000000005dcb800 redefined class name=com.gree.nlp_match.Str_Macth$, count=5
Event: 4696.920 Thread 0x0000000005dcb800 redefined class name=com.gree.nlp_match.Str_Macth$$anonfun$main$2, count=3
Event: 4696.920 Thread 0x0000000005dcb800 redefined class name=com.gree.nlp_match.Str_Macth, count=5
Event: 4696.921 Thread 0x0000000005dcb800 redefined class name=com.gree.nlp_match.Str_Macth$$anonfun$main$1, count=3
Event: 4696.922 Thread 0x0000000005dcb800 redefined class name=com.gree.nlp_match.Str_Macth$$anonfun$main$1$$anonfun$apply$mcVI$sp$1, count=3

Internal exceptions (6 events):
Event: 0.043 Thread 0x0000000002821800 Exception <a 'java/lang/NoSuchMethodError': Method sun.misc.Unsafe.defineClass(Ljava/lang/String;[BII)Ljava/lang/Class; name or signature does not match> (0x000000076b007cb8) thrown at [C:\re\workspace\8-2-build-windows-amd64-cygwin\jdk8u231\13620\hotspot
Event: 0.043 Thread 0x0000000002821800 Exception <a 'java/lang/NoSuchMethodError': Method sun.misc.Unsafe.prefetchRead(Ljava/lang/Object;J)V name or signature does not match> (0x000000076b007fa0) thrown at [C:\re\workspace\8-2-build-windows-amd64-cygwin\jdk8u231\13620\hotspot\src\share\vm\prim
Event: 4.947 Thread 0x0000000002821800 Exception <a 'java/security/PrivilegedActionException'> (0x000000076bda6240) thrown at [C:\re\workspace\8-2-build-windows-amd64-cygwin\jdk8u231\13620\hotspot\src\share\vm\prims\jvm.cpp, line 1502]
Event: 4.947 Thread 0x0000000002821800 Exception <a 'java/security/PrivilegedActionException'> (0x000000076bda6638) thrown at [C:\re\workspace\8-2-build-windows-amd64-cygwin\jdk8u231\13620\hotspot\src\share\vm\prims\jvm.cpp, line 1502]
Event: 4.948 Thread 0x0000000002821800 Exception <a 'java/security/PrivilegedActionException'> (0x000000076bdaa730) thrown at [C:\re\workspace\8-2-build-windows-amd64-cygwin\jdk8u231\13620\hotspot\src\share\vm\prims\jvm.cpp, line 1502]
Event: 4.948 Thread 0x0000000002821800 Exception <a 'java/security/PrivilegedActionException'> (0x000000076bdaab28) thrown at [C:\re\workspace\8-2-build-windows-amd64-cygwin\jdk8u231\13620\hotspot\src\share\vm\prims\jvm.cpp, line 1502]

Events (10 events):
Event: 4658.070 Executing VM operation: GetOrSetLocal done
Event: 4675.975 Executing VM operation: ChangeBreakpoints
Event: 4675.975 Executing VM operation: ChangeBreakpoints done
Event: 4696.918 Executing VM operation: RedefineClasses
Event: 4696.922 Executing VM operation: RedefineClasses done
Event: 4696.925 Executing VM operation: GetOrSetLocal
Event: 4696.925 Executing VM operation: GetOrSetLocal done
Event: 4696.931 Executing VM operation: ChangeBreakpoints
Event: 4696.931 Executing VM operation: ChangeBreakpoints done
Event: 4696.943 Executing VM operation: GetOrSetLocal


Dynamic libraries:
0x000000013fda0000 - 0x000000013fdd7000 	C:\Program Files\Java\jdk1.8.0_231\bin\java.exe
0x0000000077920000 - 0x0000000077abf000 	C:\windows\SYSTEM32\ntdll.dll
0x0000000077800000 - 0x000000007791f000 	C:\windows\system32\kernel32.dll
0x000007fefd9f0000 - 0x000007fefda5a000 	C:\windows\system32\KERNELBASE.dll
0x000007feff390000 - 0x000007feff46b000 	C:\windows\system32\ADVAPI32.dll
0x000007fefdd60000 - 0x000007fefddff000 	C:\windows\system32\msvcrt.dll
0x000007feff740000 - 0x000007feff75f000 	C:\windows\SYSTEM32\sechost.dll
0x000007feff260000 - 0x000007feff38c000 	C:\windows\system32\RPCRT4.dll
0x00000000775c0000 - 0x00000000776ba000 	C:\windows\system32\USER32.dll
0x000007feff6d0000 - 0x000007feff737000 	C:\windows\system32\GDI32.dll
0x000007fefef80000 - 0x000007fefef8e000 	C:\windows\system32\LPK.dll
0x000007fefee20000 - 0x000007fefeeeb000 	C:\windows\system32\USP10.dll
0x000007fefabe0000 - 0x000007fefadd5000 	C:\windows\WinSxS\amd64_microsoft.windows.common-controls_6595b64144ccf1df_6.0.7601.24440_none_e36f1bbf30ff0606\COMCTL32.dll
0x000007fefde00000 - 0x000007fefde71000 	C:\windows\system32\SHLWAPI.dll
0x000007fefde80000 - 0x000007fefdeae000 	C:\windows\system32\IMM32.DLL
0x000007fefdbb0000 - 0x000007fefdcb9000 	C:\windows\system32\MSCTF.dll
0x0000000180000000 - 0x0000000180098000 	C:\windows\LVUAAgentInstBaseRoot\system32\Vozokopot.dll
0x000007fefc8a0000 - 0x000007fefc8c1000 	C:\windows\LVUAAgentInstBaseRoot\system32\MozartBreathFw.dll
0x000007fefc350000 - 0x000007fefc89f000 	C:\windows\LVUAAgentInstBaseRoot\system32\MozartBreathCore.dll
0x0000000075030000 - 0x00000000750ca000 	C:\windows\LVUAAgentInstBaseRoot\system32\SteinwayMSVCRT.dll
0x0000000074f60000 - 0x0000000075030000 	C:\windows\LVUAAgentInstBaseRoot\system32\SteinwayMSVCSTL.dll
0x000007fefc2d0000 - 0x000007fefc341000 	C:\windows\system32\WINSPOOL.DRV
0x000007fefdcc0000 - 0x000007fefdd57000 	C:\windows\system32\COMDLG32.dll
0x000007fefe090000 - 0x000007fefee1b000 	C:\windows\system32\SHELL32.dll
0x000007fefef90000 - 0x000007feff18f000 	C:\windows\system32\ole32.dll
0x000007feffa90000 - 0x000007feffb6b000 	C:\windows\system32\OLEAUT32.dll
0x000007feff1f0000 - 0x000007feff23d000 	C:\windows\system32\WS2_32.dll
0x000007fefdaa0000 - 0x000007fefdaa8000 	C:\windows\system32\NSI.dll
0x000007fefc210000 - 0x000007fefc221000 	C:\windows\system32\WTSAPI32.dll
0x000007fefccb0000 - 0x000007fefcd0b000 	C:\windows\system32\DNSAPI.dll
0x000007fefc1f0000 - 0x000007fefc208000 	C:\windows\system32\MPR.dll
0x000007fefc1b0000 - 0x000007fefc1ea000 	C:\windows\LVUAAgentInstBaseRoot\system32\MozartBreathNet.dll
0x000007fefc140000 - 0x000007fefc1a3000 	C:\windows\LVUAAgentInstBaseRoot\system32\MozartBreathFile.dll
0x000007fefc100000 - 0x000007fefc133000 	C:\windows\LVUAAgentInstBaseRoot\system32\MozartBreathProcess.dll
0x000007fefc0e0000 - 0x000007fefc0f9000 	C:\windows\LVUAAgentInstBaseRoot\system32\MozartBreathBolo.dll
0x000007fefc0c0000 - 0x000007fefc0d5000 	C:\windows\LVUAAgentInstBaseRoot\system32\MozartBreathProtect.dll
0x00000000793a0000 - 0x0000000079472000 	C:\Program Files\Java\jdk1.8.0_231\jre\bin\msvcr100.dll
0x0000000007c00000 - 0x00000000084a6000 	C:\Program Files\Java\jdk1.8.0_231\jre\bin\server\jvm.dll
0x000007fee4780000 - 0x000007fee4789000 	C:\windows\system32\WSOCK32.dll
0x000007fefd910000 - 0x000007fefd94b000 	C:\windows\system32\WINMM.dll
0x000007fefc900000 - 0x000007fefc90c000 	C:\windows\system32\VERSION.dll
0x0000000077ac0000 - 0x0000000077ac7000 	C:\windows\system32\PSAPI.DLL
0x000007fed84a0000 - 0x000007fed84af000 	C:\Program Files\Java\jdk1.8.0_231\jre\bin\verify.dll
0x000007fed6fd0000 - 0x000007fed6ff9000 	C:\Program Files\Java\jdk1.8.0_231\jre\bin\java.dll
0x000007fed62d0000 - 0x000007fed6305000 	C:\Program Files\Java\jdk1.8.0_231\jre\bin\jdwp.dll
0x000007fef9a50000 - 0x000007fef9a58000 	C:\Program Files\Java\jdk1.8.0_231\jre\bin\npt.dll
0x000007fed7dc0000 - 0x000007fed7dd6000 	C:\Program Files\Java\jdk1.8.0_231\jre\bin\zip.dll
0x000007fefd630000 - 0x000007fefd63f000 	C:\windows\system32\profapi.dll
0x000007fef89a0000 - 0x000007fef89a9000 	C:\Program Files\Java\jdk1.8.0_231\jre\bin\dt_socket.dll
0x000007fefb980000 - 0x000007fefbafa000 	C:\Program Files (x86)\Sangfor\VDI\ClientComponent\1_SangforTcpX64.dll
0x000007fefda60000 - 0x000007fefda9b000 	C:\windows\system32\WINTRUST.dll
0x000007fefd6e0000 - 0x000007fefd84d000 	C:\windows\system32\CRYPT32.dll
0x000007fefd6d0000 - 0x000007fefd6df000 	C:\windows\system32\MSASN1.dll
0x000007fefce40000 - 0x000007fefce95000 	C:\windows\system32\mswsock.dll
0x000007fefb970000 - 0x000007fefb977000 	C:\windows\System32\wshtcpip.dll

VM Arguments:
jvm_args: -agentlib:jdwp=transport=dt_socket,address=127.0.0.1:8834,suspend=y,server=n -Dfile.encoding=UTF-8 
java_command: com.gree.nlp_match.Str_Macth
java_class_path (initial): C:\Program Files\Java\jdk1.8.0_231\jre\lib\charsets.jar;C:\Program Files\Java\jdk1.8.0_231\jre\lib\deploy.jar;C:\Program Files\Java\jdk1.8.0_231\jre\lib\ext\access-bridge-64.jar;C:\Program Files\Java\jdk1.8.0_231\jre\lib\ext\cldrdata.jar;C:\Program Files\Java\jdk1.8.0_231\jre\lib\ext\dnsns.jar;C:\Program Files\Java\jdk1.8.0_231\jre\lib\ext\jaccess.jar;C:\Program Files\Java\jdk1.8.0_231\jre\lib\ext\jfxrt.jar;C:\Program Files\Java\jdk1.8.0_231\jre\lib\ext\localedata.jar;C:\Program Files\Java\jdk1.8.0_231\jre\lib\ext\nashorn.jar;C:\Program Files\Java\jdk1.8.0_231\jre\lib\ext\sunec.jar;C:\Program Files\Java\jdk1.8.0_231\jre\lib\ext\sunjce_provider.jar;C:\Program Files\Java\jdk1.8.0_231\jre\lib\ext\sunmscapi.jar;C:\Program Files\Java\jdk1.8.0_231\jre\lib\ext\sunpkcs11.jar;C:\Program Files\Java\jdk1.8.0_231\jre\lib\ext\zipfs.jar;C:\Program Files\Java\jdk1.8.0_231\jre\lib\javaws.jar;C:\Program Files\Java\jdk1.8.0_231\jre\lib\jce.jar;C:\Program Files\Java\jdk1.8.0_231\jre\lib\jfr.jar;C:\Program Files\Java\jdk1.8.0_231\jre\lib\jfxswt.jar;C:\Program Files\Java\jdk1.8.0_231\jre\lib\jsse.jar;C:\Program Files\Java\jdk1.8.0_231\jre\lib\management-agent.jar;C:\Program Files\Java\jdk1.8.0_231\jre\lib\plugin.jar;C:\Program Files\Java\jdk1.8.0_231\jre\lib\resources.jar;C:\Program Files\Java\jdk1.8.0_231\jre\lib\rt.jar;E:\nlp_match\target\classes;D:\Maven\apache-maven-3.5.2\repository\org\scala-lang\scala-library\2.11.8\scala-library-2.11.8.jar;D:\Maven\apache-maven-3.5.2\repository\org\scala-lang\scala-compiler\2.11.8\scala-compiler-2.11.8.jar;D:\Maven\apache-maven-3.5.2\repository\org\scala-lang\modules\scala-xml_2.11\1.0.4\scala-xml_2.11-1.0.4.jar;D:\Maven\apache-maven-3.5.2\repository\org\scala-lang\modules\scala-parser-combinators_2.11\1.0.4\scala-parser-combinators_2.11-1.0.4.jar;D:\Maven\apache-maven-3.5.2\repository\org\scala-lang\scala-reflect\2.11.8\scala-reflect-2.11.8.jar;D:\Maven\apache-maven-3.5.2\repository\org\apache\spark\spark-sql_2.11\2.
Launcher Type: SUN_STANDARD

Environment Variables:
JAVA_HOME=D:\jdk-8
CLASSPATH=.;D:\jdk-8\lib\dt.jar;D:\jdk-8\lib\tools.jar;.;D:\scala2.11.8\bin;D:\scala2.11.8\lib\dt.jar;D:\scala2.11.8\lib\tools.jar.;
PATH=F:\app\180602\product\11.2.0\client_1\bin;D:\OracleClient;D:\jdk\bin;C:\Program Files (x86)\Intel\iCLS Client\;C:\Program Files\Intel\iCLS Client\;C:\windows\system32;C:\windows;C:\windows\System32\Wbem;C:\windows\System32\WindowsPowerShell\v1.0\;C:\Program Files (x86)\Intel\UCRT\;C:\Program Files\Intel\UCRT\;C:\Program Files (x86)\Intel\Intel(R) Management Engine Components\DAL;C:\Program Files\Intel\Intel(R) Management Engine Components\DAL;C:\Program Files (x86)\Intel\Intel(R) Management Engine Components\IPT;C:\Program Files\Intel\Intel(R) Management Engine Components\IPT;C:\Program Files (x86)\Microsoft SQL Server\100\Tools\Binn\;C:\Program Files\Microsoft SQL Server\100\Tools\Binn\;C:\Program Files\Microsoft SQL Server\100\DTS\Binn\;D:\Microsoft SQL Server\120\DTS\Binn\;D:\Microsoft SQL Server\Client SDK\ODBC\110\Tools\Binn\;D:\Microsoft SQL Server(x86)\120\Tools\Binn\;D:\Microsoft SQL Server\120\Tools\Binn\;D:\Microsoft SQL Server(x86)\120\Tools\Binn\ManagementStudio\;D:\Microsoft SQL Server(x86)\120\DTS\Binn\;D:\Microsoft SQL Server\110\DTS\Binn\;D:\Microsoft SQL Server(x86)\110\Tools\Binn\;D:\Microsoft SQL Server\110\Tools\Binn\;D:\Microsoft SQL Server(x86)\110\Tools\Binn\ManagementStudio\;C:\Program Files (x86)\Microsoft Visual Studio 10.0\Common7\IDE\PrivateAssemblies\;D:\Microsoft SQL Server(x86)\110\DTS\Binn\;D:\SVN\bin;D:\TortoiseSVN\bin;D:\jdk-8\bin;D:\jdk-8\jre\bin;D:\Maven\apache-maven-3.5.2\bin;D:\scala2.11.8\bin;D:\scala2.11.8\bin;D:\scala2.11.8\jre\bin;C:\Users\180602\AppData\Local\Programs\Python\Python35\Scripts\;C:\Users\180602\AppData\Local\Programs\Python\Python35\;D:\jdk\bin;C:\Program Files\EsafeNet\Cobra DocGuard Client;D:\IntelliJ_IDEA\IntelliJ IDEA Community Edition 2019.2.3\bin;
USERNAME=180602
OS=Windows_NT
PROCESSOR_IDENTIFIER=Intel64 Family 6 Model 94 Stepping 3, GenuineIntel



---------------  S Y S T E M  ---------------

OS: Windows 7 , 64 bit Build 7601 (6.1.7601.24441)

CPU:total 8 (initial active 8) (4 cores per cpu, 2 threads per core) family 6 model 94 stepping 3, cmov, cx8, fxsr, mmx, sse, sse2, sse3, ssse3, sse4.1, sse4.2, popcnt, avx, avx2, aes, clmul, erms, rtm, 3dnowpref, lzcnt, ht, tsc, tscinvbit, bmi1, bmi2, adx

Memory: 4k page, physical 16704160k(7769852k free), swap 33713620k(21337112k free)

vm_info: Java HotSpot(TM) 64-Bit Server VM (25.231-b11) for windows-amd64 JRE (1.8.0_231-b11), built on Oct  5 2019 03:11:30 by "java_re" with MS VC++ 10.0 (VS2010)

time: Mon Nov 04 16:55:08 2019
timezone: 中国标准时间
elapsed time: 4696 seconds (0d 1h 18m 16s)

